<?xml version="1.0" encoding="UTF-8"?>
<!-- Generated by org.testng.reporters.JUnitReportReporter -->
<testsuite skipped="0" hostname="Ashifs-MBP-2.fios-router.home" name="com.sample.test.demo.tests.DemoTest" tests="1" failures="0" timestamp="07 May 2019 15:58:17 GMT" time="0.001" errors="0">
  <testcase name="demoTest" time="0.001" classname="com.sample.test.demo.tests.DemoTest"/>
</testsuite> <!-- com.sample.test.demo.tests.DemoTest -->
